<?xml version="1.0" encoding="UTF-8"?>
<!-- Generated by org.testng.reporters.JUnitReportReporter -->
<testsuite skipped="0" hostname="PranavChavan" name="ArabBank.LeadsSanity.Bancassurance" tests="1" failures="0" timestamp="08 Dec 2020 17:22:15 GMT" time="71.428" errors="0">
  <testcase name="Scenerio_1_CallCenter" time="71.428" classname="ArabBank.LeadsSanity.Bancassurance"/>
</testsuite> <!-- ArabBank.LeadsSanity.Bancassurance -->
